<?xml version="1.0" encoding="UTF-8"?>
<testng-results ignored="0" total="1" passed="1" failed="0" skipped="0">
  <reporter-output>
  </reporter-output>
  <suite started-at="2021-08-31T05:52:30Z" name="Suite" finished-at="2021-08-31T05:52:46Z" duration-ms="16638">
    <groups>
    </groups>
    <test started-at="2021-08-31T05:52:30Z" name="Test" finished-at="2021-08-31T05:52:46Z" duration-ms="16638">
      <class name="ProFrameWork.ProFrameWork.FlipKartHomePageTest">
        <test-method is-config="true" signature="Initialize()[pri:0, instance:ProFrameWork.ProFrameWork.FlipKartHomePageTest@778d1062]" started-at="2021-08-31T05:52:30Z" name="Initialize" finished-at="2021-08-31T05:52:40Z" duration-ms="10531" status="PASS">
          <reporter-output>
          </reporter-output>
        </test-method> <!-- Initialize -->
        <test-method signature="flipkartHomecheck()[pri:0, instance:ProFrameWork.ProFrameWork.FlipKartHomePageTest@778d1062]" started-at="2021-08-31T05:52:40Z" name="flipkartHomecheck" finished-at="2021-08-31T05:52:46Z" duration-ms="6061" status="PASS">
          <reporter-output>
          </reporter-output>
        </test-method> <!-- flipkartHomecheck -->
        <test-method is-config="true" signature="TearDown()[pri:0, instance:ProFrameWork.ProFrameWork.FlipKartHomePageTest@778d1062]" started-at="2021-08-31T05:52:46Z" name="TearDown" finished-at="2021-08-31T05:52:46Z" duration-ms="0" status="PASS">
          <reporter-output>
          </reporter-output>
        </test-method> <!-- TearDown -->
      </class> <!-- ProFrameWork.ProFrameWork.FlipKartHomePageTest -->
    </test> <!-- Test -->
  </suite> <!-- Suite -->
</testng-results>
